<?xml version="1.0" encoding="UTF-8"?>
<!-- Generated by org.testng.reporters.JUnitReportReporter -->
<testsuite hostname="shreyvatss-MacBook-Air.local" name="restAssured" tests="1" failures="0" timestamp="30 Mar 2017 20:58:16 GMT" time="3.172" errors="0">
  <testcase name="getPlaceAPI" time="3.172" classname="restAssured"/>
</testsuite> <!-- restAssured -->
